2019-09-12 20:10:21,860 [main] INFO  com.guan.download.Downloader - Hello,Welcome to my downloader: Guan
2019-09-12 20:10:21,863 [main] DEBUG com.guan.download.Downloader - File path :\\\\10.0.1.110\\Hudson\\ShareData\\CSDataRelease\\Test_Products_Library\\sprdroidq_trunk\\MOCORDROIDQ_Trunk_SHARKL5PRO\\MOCORDROIDQ_Trunk_SHARKL5PRO_W19.35.5\\Images\\BT_Version
2019-09-12 20:10:34,969 [main] DEBUG com.guan.download.Downloader - Local directory already exists [D:\PACs\10.0.1.110\Hudson\ShareData\CSDataRelease\Test_Products_Library\sprdroidq_trunk\MOCORDROIDQ_Trunk_SHARKL5PRO\MOCORDROIDQ_Trunk_SHARKL5PRO_W19.35.5\Images] 
2019-09-12 20:10:35,038 [main] INFO  com.guan.download.Downloader - sum (byte):10240
2019-09-12 20:10:35,051 [main] INFO  com.guan.download.Downloader - sum (byte):13340
2019-09-12 20:10:35,051 [main] DEBUG com.guan.download.Downloader - outPut path:D:\PACs\10.0.1.110\Hudson\ShareData\CSDataRelease\Test_Products_Library\sprdroidq_trunk\MOCORDROIDQ_Trunk_SHARKL5PRO\MOCORDROIDQ_Trunk_SHARKL5PRO_W19.35.5\Images\BT_Version
2019-09-12 20:10:57,629 [main] INFO  com.guan.download.Downloader - Hello,Welcome to my downloader: Guan
2019-09-12 20:10:57,632 [main] DEBUG com.guan.download.Downloader - File path :\\\\10.0.1.110\\Hudson\\ShareData\\CSDataRelease\\Test_Products_Library\\sprdroidq_trunk\\MOCORDROIDQ_Trunk_SHARKL5PRO\\MOCORDROIDQ_Trunk_SHARKL5PRO_W19.35.5\\Images\\BT_Version
2019-09-12 20:11:05,343 [main] DEBUG com.guan.download.Downloader - Local directory already exists [D:\PACs\10.0.1.110\Hudson\ShareData\CSDataRelease\Test_Products_Library\sprdroidq_trunk\MOCORDROIDQ_Trunk_SHARKL5PRO\MOCORDROIDQ_Trunk_SHARKL5PRO_W19.35.5\Images] 
2019-09-12 20:11:05,343 [main] INFO  com.guan.download.Downloader - File Existed, Exit download...
2019-09-12 20:15:14,775 [main] INFO  com.guan.download.Downloader - Hello,Welcome to my downloader: Guan
2019-09-12 20:15:14,778 [main] DEBUG com.guan.download.Downloader - File path :\\\\10.0.1.110\\Hudson\\ShareData\\CSDataRelease\\Test_Products_Library\\sprdroidq_trunk\\MOCORDROIDQ_Trunk_SHARKL5PRO\\MOCORDROIDQ_Trunk_SHARKL5PRO_W19.35.5\\Images\\BT_Version
2019-09-12 20:15:40,145 [main] DEBUG com.guan.download.Downloader - Local directory already exists [D:\PACs\10.0.1.110\Hudson\ShareData\CSDataRelease\Test_Products_Library\sprdroidq_trunk\MOCORDROIDQ_Trunk_SHARKL5PRO\MOCORDROIDQ_Trunk_SHARKL5PRO_W19.35.5\Images] 
2019-09-12 20:15:40,160 [main] INFO  com.guan.download.Downloader - File Existed, Exit download...
2019-09-12 20:18:42,072 [main] INFO  com.guan.download.Downloader - Hello,Welcome to my downloader: Guan
2019-09-12 20:18:42,072 [main] DEBUG com.guan.download.Downloader - File path :\\\\10.0.1.110\\Hudson\\ShareData\\CSDataRelease\\Test_Products_Library\\sprdroidq_trunk\\MOCORDROIDQ_Trunk_SHARKL5PRO\\MOCORDROIDQ_Trunk_SHARKL5PRO_W19.35.5\\Images\\BT_Version
2019-09-12 20:20:32,703 [main] DEBUG com.guan.download.Downloader - Local directory already exists [D:\PACs\10.0.1.110\Hudson\ShareData\CSDataRelease\Test_Products_Library\sprdroidq_trunk\MOCORDROIDQ_Trunk_SHARKL5PRO\MOCORDROIDQ_Trunk_SHARKL5PRO_W19.35.5\Images] 
2019-09-12 20:20:51,205 [main] INFO  com.guan.download.Downloader - sum (byte):10240
2019-09-12 20:20:51,267 [main] INFO  com.guan.download.Downloader - sum (byte):13340
2019-09-12 20:20:51,267 [main] DEBUG com.guan.download.Downloader - outPut path:D:\PACs\10.0.1.110\Hudson\ShareData\CSDataRelease\Test_Products_Library\sprdroidq_trunk\MOCORDROIDQ_Trunk_SHARKL5PRO\MOCORDROIDQ_Trunk_SHARKL5PRO_W19.35.5\Images\BT_Version
2019-09-12 20:27:23,774 [main] INFO  com.guan.download.Downloader - Hello,Welcome to my downloader: Guan
2019-09-12 20:27:23,774 [main] DEBUG com.guan.download.Downloader - File path :\\\\10.0.1.110\\Hudson\\ShareData\\CSDataRelease\\Test_Products_Library\\sprdroidq_trunk\\MOCORDROIDQ_Trunk_SHARKL5PRO\\MOCORDROIDQ_Trunk_SHARKL5PRO_W19.37.3\\Images\\ums512_1h10_ctcc-userdebug-native_SHARKL5PRO_SUPER_SIGN.pac.gz
2019-09-12 20:28:59,029 [main] INFO  com.guan.download.Downloader - Hello,Welcome to my downloader: Guan
2019-09-12 20:28:59,029 [main] DEBUG com.guan.download.Downloader - File path :\\\\10.0.1.110\\Hudson\\ShareData\\CSDataRelease\\Test_Products_Library\\sprdroidq_trunk\\MOCORDROIDQ_Trunk_SHARKL5PRO\\MOCORDROIDQ_Trunk_SHARKL5PRO_W19.37.3\\Images\\ums512_1h10_ctcc-userdebug-native\\ums512_1h10_ctcc-userdebug-native_SHARKL5PRO_SUPER_SIGN.pac.gz
2019-09-12 20:29:33,119 [main] DEBUG com.guan.download.Downloader - Make the direcotory: D:\PACs\10.0.1.110\Hudson\ShareData\CSDataRelease\Test_Products_Library\sprdroidq_trunk\MOCORDROIDQ_Trunk_SHARKL5PRO\MOCORDROIDQ_Trunk_SHARKL5PRO_W19.37.3\Images\ums512_1h10_ctcc-userdebug-native
2019-09-12 20:29:40,715 [main] INFO  com.guan.download.Downloader - sum (byte):10240
2019-09-12 20:29:48,467 [main] INFO  com.guan.download.Downloader - sum (byte):20480
2019-09-12 20:30:29,661 [main] INFO  com.guan.download.Downloader - sum (byte):30720
2019-09-12 20:30:29,661 [main] INFO  com.guan.download.Downloader - sum (byte):40960
2019-09-12 20:30:29,661 [main] INFO  com.guan.download.Downloader - sum (byte):51200
2019-09-12 20:30:29,661 [main] INFO  com.guan.download.Downloader - sum (byte):61440
2019-09-12 20:31:45,559 [main] INFO  com.guan.download.Downloader - sum (byte):71680
2019-09-12 20:31:45,559 [main] INFO  com.guan.download.Downloader - sum (byte):81920
2019-09-12 20:31:45,559 [main] INFO  com.guan.download.Downloader - sum (byte):92160
2019-09-12 20:31:45,637 [main] INFO  com.guan.download.Downloader - sum (byte):102400
2019-09-12 20:31:45,637 [main] INFO  com.guan.download.Downloader - sum (byte):112640
2019-09-12 20:31:45,637 [main] INFO  com.guan.download.Downloader - sum (byte):122880
2019-09-12 20:31:45,637 [main] INFO  com.guan.download.Downloader - sum (byte):133120
2019-09-12 20:31:45,637 [main] INFO  com.guan.download.Downloader - sum (byte):143360
2019-09-12 20:31:45,637 [main] INFO  com.guan.download.Downloader - sum (byte):153600
2019-09-12 20:31:45,637 [main] INFO  com.guan.download.Downloader - sum (byte):163840
2019-09-12 20:31:45,684 [main] INFO  com.guan.download.Downloader - sum (byte):174080
2019-09-12 20:31:45,684 [main] INFO  com.guan.download.Downloader - sum (byte):184320
2019-09-12 20:31:45,684 [main] INFO  com.guan.download.Downloader - sum (byte):194560
2019-09-12 20:31:45,684 [main] INFO  com.guan.download.Downloader - sum (byte):204800
2019-09-12 20:31:45,684 [main] INFO  com.guan.download.Downloader - sum (byte):215040
2019-09-12 20:31:45,684 [main] INFO  com.guan.download.Downloader - sum (byte):225280
2019-09-12 20:31:45,746 [main] INFO  com.guan.download.Downloader - sum (byte):235520
2019-09-12 20:31:45,746 [main] INFO  com.guan.download.Downloader - sum (byte):245760
2019-09-12 20:31:45,746 [main] INFO  com.guan.download.Downloader - sum (byte):256000
2019-09-12 20:31:45,746 [main] INFO  com.guan.download.Downloader - sum (byte):266240
2019-09-12 20:31:45,746 [main] INFO  com.guan.download.Downloader - sum (byte):276480
2019-09-12 20:31:45,746 [main] INFO  com.guan.download.Downloader - sum (byte):286720
2019-09-12 20:31:45,777 [main] INFO  com.guan.download.Downloader - sum (byte):296960
2019-09-12 20:31:45,777 [main] INFO  com.guan.download.Downloader - sum (byte):307200
2019-09-12 20:31:45,777 [main] INFO  com.guan.download.Downloader - sum (byte):317440
2019-09-12 20:31:45,777 [main] INFO  com.guan.download.Downloader - sum (byte):327680
2019-09-12 20:31:45,777 [main] INFO  com.guan.download.Downloader - sum (byte):337920
2019-09-12 20:31:45,777 [main] INFO  com.guan.download.Downloader - sum (byte):348160
2019-09-12 20:31:45,777 [main] INFO  com.guan.download.Downloader - sum (byte):358400
2019-09-12 20:31:45,824 [main] INFO  com.guan.download.Downloader - sum (byte):368640
2019-09-12 20:31:45,824 [main] INFO  com.guan.download.Downloader - sum (byte):378880
2019-09-12 20:31:45,824 [main] INFO  com.guan.download.Downloader - sum (byte):389120
2019-09-12 20:31:45,824 [main] INFO  com.guan.download.Downloader - sum (byte):399360
2019-09-12 20:31:45,824 [main] INFO  com.guan.download.Downloader - sum (byte):409600
2019-09-12 20:31:45,824 [main] INFO  com.guan.download.Downloader - sum (byte):419840
2019-09-12 20:31:45,902 [main] INFO  com.guan.download.Downloader - sum (byte):430080
2019-09-12 20:31:45,902 [main] INFO  com.guan.download.Downloader - sum (byte):440320
2019-09-12 20:31:45,902 [main] INFO  com.guan.download.Downloader - sum (byte):450560
2019-09-12 20:31:45,902 [main] INFO  com.guan.download.Downloader - sum (byte):460800
2019-09-12 20:31:45,902 [main] INFO  com.guan.download.Downloader - sum (byte):471040
2019-09-12 20:31:45,902 [main] INFO  com.guan.download.Downloader - sum (byte):481280
2019-09-12 20:31:45,902 [main] INFO  com.guan.download.Downloader - sum (byte):491520
2019-09-12 20:31:45,965 [main] INFO  com.guan.download.Downloader - sum (byte):501760
2019-09-12 20:31:45,965 [main] INFO  com.guan.download.Downloader - sum (byte):512000
2019-09-12 20:31:45,965 [main] INFO  com.guan.download.Downloader - sum (byte):522240
2019-09-12 20:31:45,965 [main] INFO  com.guan.download.Downloader - sum (byte):532480
2019-09-12 20:31:45,965 [main] INFO  com.guan.download.Downloader - sum (byte):542720
2019-09-12 20:31:45,965 [main] INFO  com.guan.download.Downloader - sum (byte):552960
2019-09-12 20:31:46,027 [main] INFO  com.guan.download.Downloader - sum (byte):563200
2019-09-12 20:31:46,027 [main] INFO  com.guan.download.Downloader - sum (byte):573440
2019-09-12 20:31:46,027 [main] INFO  com.guan.download.Downloader - sum (byte):583680
2019-09-12 20:31:46,027 [main] INFO  com.guan.download.Downloader - sum (byte):593920
2019-09-12 20:31:46,027 [main] INFO  com.guan.download.Downloader - sum (byte):604160
2019-09-12 20:31:46,027 [main] INFO  com.guan.download.Downloader - sum (byte):614400
2019-09-12 20:31:46,089 [main] INFO  com.guan.download.Downloader - sum (byte):624640
2019-09-12 20:31:46,089 [main] INFO  com.guan.download.Downloader - sum (byte):634880
2019-09-12 20:31:46,089 [main] INFO  com.guan.download.Downloader - sum (byte):645120
2019-09-12 20:31:46,089 [main] INFO  com.guan.download.Downloader - sum (byte):655360
2019-09-12 20:31:46,089 [main] INFO  com.guan.download.Downloader - sum (byte):665600
2019-09-12 20:31:46,089 [main] INFO  com.guan.download.Downloader - sum (byte):675840
2019-09-12 20:31:46,105 [main] INFO  com.guan.download.Downloader - sum (byte):686080
2019-09-12 20:31:46,167 [main] INFO  com.guan.download.Downloader - sum (byte):696320
2019-09-12 20:31:46,167 [main] INFO  com.guan.download.Downloader - sum (byte):706560
2019-09-12 20:31:46,167 [main] INFO  com.guan.download.Downloader - sum (byte):716800
2019-09-12 20:31:46,167 [main] INFO  com.guan.download.Downloader - sum (byte):727040
2019-09-12 20:31:46,167 [main] INFO  com.guan.download.Downloader - sum (byte):737280
2019-09-12 20:31:46,167 [main] INFO  com.guan.download.Downloader - sum (byte):747520
2019-09-12 20:31:46,230 [main] INFO  com.guan.download.Downloader - sum (byte):757760
2019-09-12 20:31:46,230 [main] INFO  com.guan.download.Downloader - sum (byte):768000
2019-09-12 20:31:46,230 [main] INFO  com.guan.download.Downloader - sum (byte):778240
2019-09-12 20:31:46,230 [main] INFO  com.guan.download.Downloader - sum (byte):788480
2019-09-12 20:31:46,230 [main] INFO  com.guan.download.Downloader - sum (byte):798720
2019-09-12 20:31:46,230 [main] INFO  com.guan.download.Downloader - sum (byte):808960
2019-09-12 20:31:46,230 [main] INFO  com.guan.download.Downloader - sum (byte):819200
2019-09-12 20:31:46,292 [main] INFO  com.guan.download.Downloader - sum (byte):829440
2019-09-12 20:31:46,292 [main] INFO  com.guan.download.Downloader - sum (byte):839680
2019-09-12 20:31:46,292 [main] INFO  com.guan.download.Downloader - sum (byte):849920
2019-09-12 20:31:46,308 [main] INFO  com.guan.download.Downloader - sum (byte):860160
2019-09-12 20:31:46,308 [main] INFO  com.guan.download.Downloader - sum (byte):870400
2019-09-12 20:31:46,308 [main] INFO  com.guan.download.Downloader - sum (byte):880640
2019-09-12 20:31:46,370 [main] INFO  com.guan.download.Downloader - sum (byte):890880
2019-09-12 20:31:46,370 [main] INFO  com.guan.download.Downloader - sum (byte):901120
2019-09-12 20:31:46,370 [main] INFO  com.guan.download.Downloader - sum (byte):911360
2019-09-12 20:31:46,370 [main] INFO  com.guan.download.Downloader - sum (byte):921600
2019-09-12 20:31:46,370 [main] INFO  com.guan.download.Downloader - sum (byte):931840
2019-09-12 20:31:46,370 [main] INFO  com.guan.download.Downloader - sum (byte):942080
2019-09-12 20:31:46,432 [main] INFO  com.guan.download.Downloader - sum (byte):952320
2019-09-12 20:31:46,432 [main] INFO  com.guan.download.Downloader - sum (byte):962560
2019-09-12 20:31:46,432 [main] INFO  com.guan.download.Downloader - sum (byte):972800
2019-09-12 20:31:46,432 [main] INFO  com.guan.download.Downloader - sum (byte):983040
2019-09-12 20:31:46,432 [main] INFO  com.guan.download.Downloader - sum (byte):993280
2019-09-12 20:31:46,432 [main] INFO  com.guan.download.Downloader - sum (byte):1003520
2019-09-12 20:31:46,432 [main] INFO  com.guan.download.Downloader - sum (byte):1013760
2019-09-12 20:31:46,510 [main] INFO  com.guan.download.Downloader - sum (byte):1024000
2019-09-12 20:31:46,510 [main] INFO  com.guan.download.Downloader - sum (byte):1034240
2019-09-12 20:31:46,510 [main] INFO  com.guan.download.Downloader - sum (byte):1044480
2019-09-12 20:31:46,510 [main] INFO  com.guan.download.Downloader - sum (byte):1054720
2019-09-12 20:31:46,510 [main] INFO  com.guan.download.Downloader - sum (byte):1064960
2019-09-12 20:31:46,510 [main] INFO  com.guan.download.Downloader - sum (byte):1075200
2019-09-12 20:31:46,573 [main] INFO  com.guan.download.Downloader - sum (byte):1085440
2019-09-12 20:31:46,573 [main] INFO  com.guan.download.Downloader - sum (byte):1095680
2019-09-12 20:31:46,573 [main] INFO  com.guan.download.Downloader - sum (byte):1105920
2019-09-12 20:31:46,573 [main] INFO  com.guan.download.Downloader - sum (byte):1116160
2019-09-12 20:31:46,573 [main] INFO  com.guan.download.Downloader - sum (byte):1126400
2019-09-12 20:31:46,573 [main] INFO  com.guan.download.Downloader - sum (byte):1136640
2019-09-12 20:31:46,573 [main] INFO  com.guan.download.Downloader - sum (byte):1146880
2019-09-12 20:31:46,651 [main] INFO  com.guan.download.Downloader - sum (byte):1157120
2019-09-12 20:31:46,651 [main] INFO  com.guan.download.Downloader - sum (byte):1167360
2019-09-12 20:31:46,651 [main] INFO  com.guan.download.Downloader - sum (byte):1177600
2019-09-12 20:31:46,651 [main] INFO  com.guan.download.Downloader - sum (byte):1187840
2019-09-12 20:31:46,651 [main] INFO  com.guan.download.Downloader - sum (byte):1198080
2019-09-12 20:31:46,651 [main] INFO  com.guan.download.Downloader - sum (byte):1208320
2019-09-12 20:31:46,729 [main] INFO  com.guan.download.Downloader - sum (byte):1218560
2019-09-12 20:31:46,729 [main] INFO  com.guan.download.Downloader - sum (byte):1228800
2019-09-12 20:31:46,729 [main] INFO  com.guan.download.Downloader - sum (byte):1239040
2019-09-12 20:31:46,729 [main] INFO  com.guan.download.Downloader - sum (byte):1249280
2019-09-12 20:31:46,729 [main] INFO  com.guan.download.Downloader - sum (byte):1259520
2019-09-12 20:31:46,729 [main] INFO  com.guan.download.Downloader - sum (byte):1269760
2019-09-12 20:31:46,791 [main] INFO  com.guan.download.Downloader - sum (byte):1280000
2019-09-12 20:31:46,791 [main] INFO  com.guan.download.Downloader - sum (byte):1290240
2019-09-12 20:31:46,791 [main] INFO  com.guan.download.Downloader - sum (byte):1300480
2019-09-12 20:31:46,791 [main] INFO  com.guan.download.Downloader - sum (byte):1310720
2019-09-12 20:31:46,791 [main] INFO  com.guan.download.Downloader - sum (byte):1320960
2019-09-12 20:31:46,791 [main] INFO  com.guan.download.Downloader - sum (byte):1331200
2019-09-12 20:31:46,791 [main] INFO  com.guan.download.Downloader - sum (byte):1341440
2019-09-12 20:31:46,854 [main] INFO  com.guan.download.Downloader - sum (byte):1351680
2019-09-12 20:31:46,854 [main] INFO  com.guan.download.Downloader - sum (byte):1361920
2019-09-12 20:31:46,854 [main] INFO  com.guan.download.Downloader - sum (byte):1372160
2019-09-12 20:31:46,854 [main] INFO  com.guan.download.Downloader - sum (byte):1382400
2019-09-12 20:31:46,854 [main] INFO  com.guan.download.Downloader - sum (byte):1392640
2019-09-12 20:31:46,854 [main] INFO  com.guan.download.Downloader - sum (byte):1402880
2019-09-12 20:31:46,932 [main] INFO  com.guan.download.Downloader - sum (byte):1413120
2019-09-12 20:31:46,932 [main] INFO  com.guan.download.Downloader - sum (byte):1423360
2019-09-12 20:31:46,932 [main] INFO  com.guan.download.Downloader - sum (byte):1433600
2019-09-12 20:31:46,932 [main] INFO  com.guan.download.Downloader - sum (byte):1443840
2019-09-12 20:31:46,932 [main] INFO  com.guan.download.Downloader - sum (byte):1454080
2019-09-12 20:31:46,932 [main] INFO  com.guan.download.Downloader - sum (byte):1464320
2019-09-12 20:31:46,932 [main] INFO  com.guan.download.Downloader - sum (byte):1474560
2019-09-12 20:31:47,010 [main] INFO  com.guan.download.Downloader - sum (byte):1484800
2019-09-12 20:31:47,010 [main] INFO  com.guan.download.Downloader - sum (byte):1495040
2019-09-12 20:31:47,010 [main] INFO  com.guan.download.Downloader - sum (byte):1505280
2019-09-12 20:31:47,010 [main] INFO  com.guan.download.Downloader - sum (byte):1515520
2019-09-12 20:31:47,010 [main] INFO  com.guan.download.Downloader - sum (byte):1525760
2019-09-12 20:31:47,010 [main] INFO  com.guan.download.Downloader - sum (byte):1536000
2019-09-12 20:31:47,056 [main] INFO  com.guan.download.Downloader - sum (byte):1546240
2019-09-12 20:31:47,056 [main] INFO  com.guan.download.Downloader - sum (byte):1556480
2019-09-12 20:31:47,056 [main] INFO  com.guan.download.Downloader - sum (byte):1566720
2019-09-12 20:31:47,056 [main] INFO  com.guan.download.Downloader - sum (byte):1576960
2019-09-12 20:31:47,056 [main] INFO  com.guan.download.Downloader - sum (byte):1587200
2019-09-12 20:31:47,056 [main] INFO  com.guan.download.Downloader - sum (byte):1597440
2019-09-12 20:31:47,134 [main] INFO  com.guan.download.Downloader - sum (byte):1607680
2019-09-12 20:31:47,134 [main] INFO  com.guan.download.Downloader - sum (byte):1617920
2019-09-12 20:31:47,134 [main] INFO  com.guan.download.Downloader - sum (byte):1628160
2019-09-12 20:31:47,134 [main] INFO  com.guan.download.Downloader - sum (byte):1638400
2019-09-12 20:31:47,134 [main] INFO  com.guan.download.Downloader - sum (byte):1648640
2019-09-12 20:31:47,134 [main] INFO  com.guan.download.Downloader - sum (byte):1658880
2019-09-12 20:31:47,134 [main] INFO  com.guan.download.Downloader - sum (byte):1669120
2019-09-12 20:31:47,197 [main] INFO  com.guan.download.Downloader - sum (byte):1679360
2019-09-12 20:31:47,197 [main] INFO  com.guan.download.Downloader - sum (byte):1689600
2019-09-12 20:31:47,197 [main] INFO  com.guan.download.Downloader - sum (byte):1699840
2019-09-12 20:31:47,197 [main] INFO  com.guan.download.Downloader - sum (byte):1710080
2019-09-12 20:31:47,197 [main] INFO  com.guan.download.Downloader - sum (byte):1720320
2019-09-12 20:31:47,197 [main] INFO  com.guan.download.Downloader - sum (byte):1730560
2019-09-12 20:31:47,259 [main] INFO  com.guan.download.Downloader - sum (byte):1740800
2019-09-12 20:31:47,259 [main] INFO  com.guan.download.Downloader - sum (byte):1751040
2019-09-12 20:31:47,259 [main] INFO  com.guan.download.Downloader - sum (byte):1761280
2019-09-12 20:31:47,259 [main] INFO  com.guan.download.Downloader - sum (byte):1771520
2019-09-12 20:31:47,259 [main] INFO  com.guan.download.Downloader - sum (byte):1781760
2019-09-12 20:31:47,259 [main] INFO  com.guan.download.Downloader - sum (byte):1792000
2019-09-12 20:31:47,259 [main] INFO  com.guan.download.Downloader - sum (byte):1802240
2019-09-12 20:31:47,337 [main] INFO  com.guan.download.Downloader - sum (byte):1812480
2019-09-12 20:31:47,337 [main] INFO  com.guan.download.Downloader - sum (byte):1822720
2019-09-12 20:31:47,337 [main] INFO  com.guan.download.Downloader - sum (byte):1832960
2019-09-12 20:31:47,337 [main] INFO  com.guan.download.Downloader - sum (byte):1843200
2019-09-12 20:31:47,337 [main] INFO  com.guan.download.Downloader - sum (byte):1853440
2019-09-12 20:31:47,337 [main] INFO  com.guan.download.Downloader - sum (byte):1863680
2019-09-12 20:31:47,696 [main] INFO  com.guan.download.Downloader - sum (byte):1873920
2019-09-12 20:31:47,696 [main] INFO  com.guan.download.Downloader - sum (byte):1884160
2019-09-12 20:31:47,696 [main] INFO  com.guan.download.Downloader - sum (byte):1894400
2019-09-12 20:31:47,696 [main] INFO  com.guan.download.Downloader - sum (byte):1904640
2019-09-12 20:31:47,696 [main] INFO  com.guan.download.Downloader - sum (byte):1914880
2019-09-12 20:31:47,696 [main] INFO  com.guan.download.Downloader - sum (byte):1925120
2019-09-12 20:33:17,691 [main] INFO  com.guan.download.Downloader - sum (byte):1935360
2019-09-12 20:33:17,691 [main] INFO  com.guan.download.Downloader - sum (byte):1945600
2019-09-12 20:33:17,691 [main] INFO  com.guan.download.Downloader - sum (byte):1955840
2019-09-12 20:33:17,691 [main] INFO  com.guan.download.Downloader - sum (byte):1966080
2019-09-12 20:33:17,691 [main] INFO  com.guan.download.Downloader - sum (byte):1976320
2019-09-12 20:33:17,691 [main] INFO  com.guan.download.Downloader - sum (byte):1986560
2019-09-12 20:33:17,691 [main] INFO  com.guan.download.Downloader - sum (byte):1996800
2019-09-12 20:33:17,722 [main] INFO  com.guan.download.Downloader - sum (byte):2007040
2019-09-12 20:33:17,722 [main] INFO  com.guan.download.Downloader - sum (byte):2017280
2019-09-12 20:33:17,722 [main] INFO  com.guan.download.Downloader - sum (byte):2027520
2019-09-12 20:33:17,722 [main] INFO  com.guan.download.Downloader - sum (byte):2037760
2019-09-12 20:33:17,722 [main] INFO  com.guan.download.Downloader - sum (byte):2048000
2019-09-12 20:33:17,722 [main] INFO  com.guan.download.Downloader - sum (byte):2058240
2019-09-12 20:33:18,206 [main] INFO  com.guan.download.Downloader - sum (byte):2068480
2019-09-12 20:33:18,206 [main] INFO  com.guan.download.Downloader - sum (byte):2078720
2019-09-12 20:33:18,206 [main] INFO  com.guan.download.Downloader - sum (byte):2088960
2019-09-12 20:33:18,206 [main] INFO  com.guan.download.Downloader - sum (byte):2099200
2019-09-12 20:33:18,206 [main] INFO  com.guan.download.Downloader - sum (byte):2109440
2019-09-12 20:33:18,206 [main] INFO  com.guan.download.Downloader - sum (byte):2119680
2019-09-12 20:33:18,206 [main] INFO  com.guan.download.Downloader - sum (byte):2129920
2019-09-12 20:33:18,331 [main] INFO  com.guan.download.Downloader - sum (byte):2140160
2019-09-12 20:33:18,331 [main] INFO  com.guan.download.Downloader - sum (byte):2150400
2019-09-12 20:33:18,331 [main] INFO  com.guan.download.Downloader - sum (byte):2160640
2019-09-12 20:33:18,331 [main] INFO  com.guan.download.Downloader - sum (byte):2170880
2019-09-12 20:33:18,331 [main] INFO  com.guan.download.Downloader - sum (byte):2181120
2019-09-12 20:33:18,331 [main] INFO  com.guan.download.Downloader - sum (byte):2191360
2019-09-12 20:33:18,440 [main] INFO  com.guan.download.Downloader - sum (byte):2201600
2019-09-12 20:33:18,440 [main] INFO  com.guan.download.Downloader - sum (byte):2211840
2019-09-12 20:33:18,440 [main] INFO  com.guan.download.Downloader - sum (byte):2222080
2019-09-12 20:33:18,440 [main] INFO  com.guan.download.Downloader - sum (byte):2232320
2019-09-12 20:33:18,440 [main] INFO  com.guan.download.Downloader - sum (byte):2242560
2019-09-12 20:33:18,440 [main] INFO  com.guan.download.Downloader - sum (byte):2252800
2019-09-12 20:33:18,580 [main] INFO  com.guan.download.Downloader - sum (byte):2263040
2019-09-12 20:33:18,580 [main] INFO  com.guan.download.Downloader - sum (byte):2273280
2019-09-12 20:33:18,580 [main] INFO  com.guan.download.Downloader - sum (byte):2283520
2019-09-12 20:33:18,580 [main] INFO  com.guan.download.Downloader - sum (byte):2293760
2019-09-12 20:33:18,580 [main] INFO  com.guan.download.Downloader - sum (byte):2304000
2019-09-12 20:33:18,580 [main] INFO  com.guan.download.Downloader - sum (byte):2314240
2019-09-12 20:33:18,580 [main] INFO  com.guan.download.Downloader - sum (byte):2324480
2019-09-12 20:33:18,752 [main] INFO  com.guan.download.Downloader - sum (byte):2334720
2019-09-12 20:33:18,752 [main] INFO  com.guan.download.Downloader - sum (byte):2344960
2019-09-12 20:33:18,752 [main] INFO  com.guan.download.Downloader - sum (byte):2355200
2019-09-12 20:33:18,752 [main] INFO  com.guan.download.Downloader - sum (byte):2365440
2019-09-12 20:33:18,752 [main] INFO  com.guan.download.Downloader - sum (byte):2375680
2019-09-12 20:33:18,752 [main] INFO  com.guan.download.Downloader - sum (byte):2385920
2019-09-12 20:33:18,908 [main] INFO  com.guan.download.Downloader - sum (byte):2396160
2019-09-12 20:33:18,908 [main] INFO  com.guan.download.Downloader - sum (byte):2406400
2019-09-12 20:33:18,908 [main] INFO  com.guan.download.Downloader - sum (byte):2416640
2019-09-12 20:33:18,908 [main] INFO  com.guan.download.Downloader - sum (byte):2426880
2019-09-12 20:33:18,908 [main] INFO  com.guan.download.Downloader - sum (byte):2437120
2019-09-12 20:33:18,908 [main] INFO  com.guan.download.Downloader - sum (byte):2447360
2019-09-12 20:33:18,908 [main] INFO  com.guan.download.Downloader - sum (byte):2457600
2019-09-12 20:33:19,048 [main] INFO  com.guan.download.Downloader - sum (byte):2467840
2019-09-12 20:33:19,048 [main] INFO  com.guan.download.Downloader - sum (byte):2478080
2019-09-12 20:33:19,048 [main] INFO  com.guan.download.Downloader - sum (byte):2488320
2019-09-12 20:33:19,048 [main] INFO  com.guan.download.Downloader - sum (byte):2498560
2019-09-12 20:33:19,048 [main] INFO  com.guan.download.Downloader - sum (byte):2508800
2019-09-12 20:33:19,048 [main] INFO  com.guan.download.Downloader - sum (byte):2519040
2019-09-12 20:33:19,204 [main] INFO  com.guan.download.Downloader - sum (byte):2529280
2019-09-12 20:33:19,204 [main] INFO  com.guan.download.Downloader - sum (byte):2539520
2019-09-12 20:33:19,204 [main] INFO  com.guan.download.Downloader - sum (byte):2549760
2019-09-12 20:33:19,204 [main] INFO  com.guan.download.Downloader - sum (byte):2560000
2019-09-12 20:33:19,204 [main] INFO  com.guan.download.Downloader - sum (byte):2570240
2019-09-12 20:33:19,204 [main] INFO  com.guan.download.Downloader - sum (byte):2580480
2019-09-12 20:33:19,360 [main] INFO  com.guan.download.Downloader - sum (byte):2590720
2019-09-12 20:33:19,360 [main] INFO  com.guan.download.Downloader - sum (byte):2600960
2019-09-12 20:33:19,360 [main] INFO  com.guan.download.Downloader - sum (byte):2611200
2019-09-12 20:33:19,360 [main] INFO  com.guan.download.Downloader - sum (byte):2621440
2019-09-12 20:33:19,360 [main] INFO  com.guan.download.Downloader - sum (byte):2631680
2019-09-12 20:33:19,360 [main] INFO  com.guan.download.Downloader - sum (byte):2641920
2019-09-12 20:33:19,360 [main] INFO  com.guan.download.Downloader - sum (byte):2652160
2019-09-12 20:33:19,501 [main] INFO  com.guan.download.Downloader - sum (byte):2662400
2019-09-12 20:33:19,501 [main] INFO  com.guan.download.Downloader - sum (byte):2672640
2019-09-12 20:33:19,501 [main] INFO  com.guan.download.Downloader - sum (byte):2682880
2019-09-12 20:33:19,501 [main] INFO  com.guan.download.Downloader - sum (byte):2693120
2019-09-12 20:33:19,501 [main] INFO  com.guan.download.Downloader - sum (byte):2703360
2019-09-12 20:33:19,501 [main] INFO  com.guan.download.Downloader - sum (byte):2713600
2019-09-12 20:33:19,610 [main] INFO  com.guan.download.Downloader - sum (byte):2723840
2019-09-12 20:33:19,610 [main] INFO  com.guan.download.Downloader - sum (byte):2734080
2019-09-12 20:33:19,610 [main] INFO  com.guan.download.Downloader - sum (byte):2744320
2019-09-12 20:33:19,610 [main] INFO  com.guan.download.Downloader - sum (byte):2754560
2019-09-12 20:33:19,610 [main] INFO  com.guan.download.Downloader - sum (byte):2764800
2019-09-12 20:33:19,610 [main] INFO  com.guan.download.Downloader - sum (byte):2775040
2019-09-12 20:33:19,610 [main] INFO  com.guan.download.Downloader - sum (byte):2785280
2019-09-12 20:33:19,719 [main] INFO  com.guan.download.Downloader - sum (byte):2795520
2019-09-12 20:33:19,719 [main] INFO  com.guan.download.Downloader - sum (byte):2805760
2019-09-12 20:33:19,719 [main] INFO  com.guan.download.Downloader - sum (byte):2816000
2019-09-12 20:33:19,719 [main] INFO  com.guan.download.Downloader - sum (byte):2826240
2019-09-12 20:33:19,719 [main] INFO  com.guan.download.Downloader - sum (byte):2836480
2019-09-12 20:33:19,719 [main] INFO  com.guan.download.Downloader - sum (byte):2846720
2019-09-12 20:33:19,813 [main] INFO  com.guan.download.Downloader - sum (byte):2856960
2019-09-12 20:33:19,813 [main] INFO  com.guan.download.Downloader - sum (byte):2867200
2019-09-12 20:33:19,813 [main] INFO  com.guan.download.Downloader - sum (byte):2877440
2019-09-12 20:33:19,813 [main] INFO  com.guan.download.Downloader - sum (byte):2887680
2019-09-12 20:33:19,813 [main] INFO  com.guan.download.Downloader - sum (byte):2897920
2019-09-12 20:33:19,813 [main] INFO  com.guan.download.Downloader - sum (byte):2908160
2019-09-12 20:33:19,922 [main] INFO  com.guan.download.Downloader - sum (byte):2918400
2019-09-12 20:33:19,922 [main] INFO  com.guan.download.Downloader - sum (byte):2928640
2019-09-12 20:33:19,922 [main] INFO  com.guan.download.Downloader - sum (byte):2938880
2019-09-12 20:33:19,922 [main] INFO  com.guan.download.Downloader - sum (byte):2949120
2019-09-12 20:33:19,922 [main] INFO  com.guan.download.Downloader - sum (byte):2959360
2019-09-12 20:33:19,922 [main] INFO  com.guan.download.Downloader - sum (byte):2969600
2019-09-12 20:33:19,922 [main] INFO  com.guan.download.Downloader - sum (byte):2979840
2019-09-12 20:33:20,015 [main] INFO  com.guan.download.Downloader - sum (byte):2990080
2019-09-12 20:33:20,015 [main] INFO  com.guan.download.Downloader - sum (byte):3000320
2019-09-12 20:33:20,015 [main] INFO  com.guan.download.Downloader - sum (byte):3010560
2019-09-12 20:33:20,015 [main] INFO  com.guan.download.Downloader - sum (byte):3020800
2019-09-12 20:33:20,015 [main] INFO  com.guan.download.Downloader - sum (byte):3031040
2019-09-12 20:33:20,015 [main] INFO  com.guan.download.Downloader - sum (byte):3041280
2019-09-12 20:33:20,124 [main] INFO  com.guan.download.Downloader - sum (byte):3051520
2019-09-12 20:33:20,124 [main] INFO  com.guan.download.Downloader - sum (byte):3061760
2019-09-12 20:33:20,124 [main] INFO  com.guan.download.Downloader - sum (byte):3072000
2019-09-12 20:33:20,124 [main] INFO  com.guan.download.Downloader - sum (byte):3082240
2019-09-12 20:33:20,124 [main] INFO  com.guan.download.Downloader - sum (byte):3092480
2019-09-12 20:33:20,124 [main] INFO  com.guan.download.Downloader - sum (byte):3102720
2019-09-12 20:33:20,124 [main] INFO  com.guan.download.Downloader - sum (byte):3112960
2019-09-12 20:33:20,218 [main] INFO  com.guan.download.Downloader - sum (byte):3123200
2019-09-12 20:33:20,218 [main] INFO  com.guan.download.Downloader - sum (byte):3133440
2019-09-12 20:33:20,218 [main] INFO  com.guan.download.Downloader - sum (byte):3143680
2019-09-12 20:33:20,218 [main] INFO  com.guan.download.Downloader - sum (byte):3153920
2019-09-12 20:33:20,218 [main] INFO  com.guan.download.Downloader - sum (byte):3164160
2019-09-12 20:33:20,218 [main] INFO  com.guan.download.Downloader - sum (byte):3174400
2019-09-12 20:33:20,327 [main] INFO  com.guan.download.Downloader - sum (byte):3184640
2019-09-12 20:33:20,327 [main] INFO  com.guan.download.Downloader - sum (byte):3194880
2019-09-12 20:33:20,327 [main] INFO  com.guan.download.Downloader - sum (byte):3205120
2019-09-12 20:33:20,327 [main] INFO  com.guan.download.Downloader - sum (byte):3215360
2019-09-12 20:33:20,327 [main] INFO  com.guan.download.Downloader - sum (byte):3225600
2019-09-12 20:33:20,327 [main] INFO  com.guan.download.Downloader - sum (byte):3235840
2019-09-12 20:33:20,452 [main] INFO  com.guan.download.Downloader - sum (byte):3246080
2019-09-12 20:33:20,452 [main] INFO  com.guan.download.Downloader - sum (byte):3256320
2019-09-12 20:33:20,452 [main] INFO  com.guan.download.Downloader - sum (byte):3266560
2019-09-12 20:33:20,452 [main] INFO  com.guan.download.Downloader - sum (byte):3276800
2019-09-12 20:33:20,452 [main] INFO  com.guan.download.Downloader - sum (byte):3287040
2019-09-12 20:33:20,452 [main] INFO  com.guan.download.Downloader - sum (byte):3297280
2019-09-12 20:33:20,452 [main] INFO  com.guan.download.Downloader - sum (byte):3307520
2019-09-12 20:33:20,592 [main] INFO  com.guan.download.Downloader - sum (byte):3317760
2019-09-12 20:33:20,592 [main] INFO  com.guan.download.Downloader - sum (byte):3328000
2019-09-12 20:33:20,592 [main] INFO  com.guan.download.Downloader - sum (byte):3338240
2019-09-12 20:33:20,592 [main] INFO  com.guan.download.Downloader - sum (byte):3348480
2019-09-12 20:33:20,592 [main] INFO  com.guan.download.Downloader - sum (byte):3358720
2019-09-12 20:33:20,592 [main] INFO  com.guan.download.Downloader - sum (byte):3368960
2019-09-12 20:33:20,904 [main] INFO  com.guan.download.Downloader - sum (byte):3379200
2019-09-12 20:33:20,904 [main] INFO  com.guan.download.Downloader - sum (byte):3389440
2019-09-12 20:33:20,904 [main] INFO  com.guan.download.Downloader - sum (byte):3399680
2019-09-12 20:33:20,904 [main] INFO  com.guan.download.Downloader - sum (byte):3409920
2019-09-12 20:33:20,904 [main] INFO  com.guan.download.Downloader - sum (byte):3420160
2019-09-12 20:33:20,904 [main] INFO  com.guan.download.Downloader - sum (byte):3430400
2019-09-12 20:33:20,904 [main] INFO  com.guan.download.Downloader - sum (byte):3440640
2019-09-12 20:33:20,998 [main] INFO  com.guan.download.Downloader - sum (byte):3450880
2019-09-12 20:33:20,998 [main] INFO  com.guan.download.Downloader - sum (byte):3461120
2019-09-12 20:33:20,998 [main] INFO  com.guan.download.Downloader - sum (byte):3471360
2019-09-12 20:33:20,998 [main] INFO  com.guan.download.Downloader - sum (byte):3481600
2019-09-12 20:33:20,998 [main] INFO  com.guan.download.Downloader - sum (byte):3491840
2019-09-12 20:33:20,998 [main] INFO  com.guan.download.Downloader - sum (byte):3502080
2019-09-12 20:33:21,060 [main] INFO  com.guan.download.Downloader - sum (byte):3512320
2019-09-12 20:33:21,060 [main] INFO  com.guan.download.Downloader - sum (byte):3522560
2019-09-12 20:33:21,060 [main] INFO  com.guan.download.Downloader - sum (byte):3532800
2019-09-12 20:33:21,060 [main] INFO  com.guan.download.Downloader - sum (byte):3543040
2019-09-12 20:33:21,060 [main] INFO  com.guan.download.Downloader - sum (byte):3553280
2019-09-12 20:33:21,060 [main] INFO  com.guan.download.Downloader - sum (byte):3563520
2019-09-12 20:33:21,123 [main] INFO  com.guan.download.Downloader - sum (byte):3573760
2019-09-12 20:33:21,123 [main] INFO  com.guan.download.Downloader - sum (byte):3584000
2019-09-12 20:33:21,123 [main] INFO  com.guan.download.Downloader - sum (byte):3594240
2019-09-12 20:33:21,123 [main] INFO  com.guan.download.Downloader - sum (byte):3604480
2019-09-12 20:33:21,123 [main] INFO  com.guan.download.Downloader - sum (byte):3614720
2019-09-12 20:33:21,123 [main] INFO  com.guan.download.Downloader - sum (byte):3624960
2019-09-12 20:33:21,123 [main] INFO  com.guan.download.Downloader - sum (byte):3635200
2019-09-12 20:33:21,185 [main] INFO  com.guan.download.Downloader - sum (byte):3645440
2019-09-12 20:33:21,185 [main] INFO  com.guan.download.Downloader - sum (byte):3655680
2019-09-12 20:33:21,185 [main] INFO  com.guan.download.Downloader - sum (byte):3665920
2019-09-12 20:33:21,185 [main] INFO  com.guan.download.Downloader - sum (byte):3676160
2019-09-12 20:33:21,185 [main] INFO  com.guan.download.Downloader - sum (byte):3686400
2019-09-12 20:33:21,185 [main] INFO  com.guan.download.Downloader - sum (byte):3696640
2019-09-12 20:33:21,247 [main] INFO  com.guan.download.Downloader - sum (byte):3706880
2019-09-12 20:33:21,263 [main] INFO  com.guan.download.Downloader - sum (byte):3717120
2019-09-12 20:33:21,263 [main] INFO  com.guan.download.Downloader - sum (byte):3727360
2019-09-12 20:33:21,263 [main] INFO  com.guan.download.Downloader - sum (byte):3737600
2019-09-12 20:33:21,263 [main] INFO  com.guan.download.Downloader - sum (byte):3747840
2019-09-12 20:33:21,263 [main] INFO  com.guan.download.Downloader - sum (byte):3758080
2019-09-12 20:33:21,263 [main] INFO  com.guan.download.Downloader - sum (byte):3768320
2019-09-12 20:33:21,325 [main] INFO  com.guan.download.Downloader - sum (byte):3778560
2019-09-12 20:33:21,325 [main] INFO  com.guan.download.Downloader - sum (byte):3788800
2019-09-12 20:33:21,325 [main] INFO  com.guan.download.Downloader - sum (byte):3799040
2019-09-12 20:33:21,325 [main] INFO  com.guan.download.Downloader - sum (byte):3809280
2019-09-12 20:33:21,325 [main] INFO  com.guan.download.Downloader - sum (byte):3819520
2019-09-12 20:33:21,325 [main] INFO  com.guan.download.Downloader - sum (byte):3829760
2019-09-12 20:33:21,388 [main] INFO  com.guan.download.Downloader - sum (byte):3840000
2019-09-12 20:33:21,388 [main] INFO  com.guan.download.Downloader - sum (byte):3850240
2019-09-12 20:33:21,388 [main] INFO  com.guan.download.Downloader - sum (byte):3860480
2019-09-12 20:33:21,388 [main] INFO  com.guan.download.Downloader - sum (byte):3870720
2019-09-12 20:33:21,388 [main] INFO  com.guan.download.Downloader - sum (byte):3880960
2019-09-12 20:33:21,388 [main] INFO  com.guan.download.Downloader - sum (byte):3891200
2019-09-12 20:33:21,450 [main] INFO  com.guan.download.Downloader - sum (byte):3901440
2019-09-12 20:33:21,450 [main] INFO  com.guan.download.Downloader - sum (byte):3911680
2019-09-12 20:33:21,450 [main] INFO  com.guan.download.Downloader - sum (byte):3921920
2019-09-12 20:33:21,450 [main] INFO  com.guan.download.Downloader - sum (byte):3932160
2019-09-12 20:33:21,450 [main] INFO  com.guan.download.Downloader - sum (byte):3942400
2019-09-12 20:33:21,450 [main] INFO  com.guan.download.Downloader - sum (byte):3952640
2019-09-12 20:33:21,450 [main] INFO  com.guan.download.Downloader - sum (byte):3962880
2019-09-12 20:33:21,513 [main] INFO  com.guan.download.Downloader - sum (byte):3973120
2019-09-12 20:33:21,513 [main] INFO  com.guan.download.Downloader - sum (byte):3983360
2019-09-12 20:33:21,513 [main] INFO  com.guan.download.Downloader - sum (byte):3993600
2019-09-12 20:33:21,513 [main] INFO  com.guan.download.Downloader - sum (byte):4003840
2019-09-12 20:33:21,513 [main] INFO  com.guan.download.Downloader - sum (byte):4014080
2019-09-12 20:33:21,513 [main] INFO  com.guan.download.Downloader - sum (byte):4024320
2019-09-12 20:33:21,591 [main] INFO  com.guan.download.Downloader - sum (byte):4034560
2019-09-12 20:33:21,591 [main] INFO  com.guan.download.Downloader - sum (byte):4044800
2019-09-12 20:33:21,591 [main] INFO  com.guan.download.Downloader - sum (byte):4055040
2019-09-12 20:33:21,591 [main] INFO  com.guan.download.Downloader - sum (byte):4065280
2019-09-12 20:33:21,591 [main] INFO  com.guan.download.Downloader - sum (byte):4075520
2019-09-12 20:33:21,591 [main] INFO  com.guan.download.Downloader - sum (byte):4085760
2019-09-12 20:33:21,591 [main] INFO  com.guan.download.Downloader - sum (byte):4096000
2019-09-12 20:33:21,653 [main] INFO  com.guan.download.Downloader - sum (byte):4106240
2019-09-12 20:33:21,653 [main] INFO  com.guan.download.Downloader - sum (byte):4116480
2019-09-12 20:33:21,653 [main] INFO  com.guan.download.Downloader - sum (byte):4126720
2019-09-12 20:33:21,653 [main] INFO  com.guan.download.Downloader - sum (byte):4136960
2019-09-12 20:33:21,653 [main] INFO  com.guan.download.Downloader - sum (byte):4147200
2019-09-12 20:33:21,653 [main] INFO  com.guan.download.Downloader - sum (byte):4157440
2019-09-12 20:33:21,731 [main] INFO  com.guan.download.Downloader - sum (byte):4167680
2019-09-12 20:33:21,731 [main] INFO  com.guan.download.Downloader - sum (byte):4177920
2019-09-12 20:33:21,731 [main] INFO  com.guan.download.Downloader - sum (byte):4188160
2019-09-12 20:33:21,731 [main] INFO  com.guan.download.Downloader - sum (byte):4198400
2019-09-12 20:33:21,731 [main] INFO  com.guan.download.Downloader - sum (byte):4208640
2019-09-12 20:33:21,731 [main] INFO  com.guan.download.Downloader - sum (byte):4218880
2019-09-12 20:33:21,809 [main] INFO  com.guan.download.Downloader - sum (byte):4229120
2019-09-12 20:33:21,809 [main] INFO  com.guan.download.Downloader - sum (byte):4239360
2019-09-12 20:33:21,809 [main] INFO  com.guan.download.Downloader - sum (byte):4249600
2019-09-12 20:33:21,809 [main] INFO  com.guan.download.Downloader - sum (byte):4259840
2019-09-12 20:33:21,809 [main] INFO  com.guan.download.Downloader - sum (byte):4270080
2019-09-12 20:33:21,809 [main] INFO  com.guan.download.Downloader - sum (byte):4280320
2019-09-12 20:33:21,809 [main] INFO  com.guan.download.Downloader - sum (byte):4290560
2019-09-12 20:33:21,871 [main] INFO  com.guan.download.Downloader - sum (byte):4300800
2019-09-12 20:33:21,871 [main] INFO  com.guan.download.Downloader - sum (byte):4311040
2019-09-12 20:33:21,871 [main] INFO  com.guan.download.Downloader - sum (byte):4321280
2019-09-12 20:33:21,871 [main] INFO  com.guan.download.Downloader - sum (byte):4331520
2019-09-12 20:33:21,871 [main] INFO  com.guan.download.Downloader - sum (byte):4341760
2019-09-12 20:33:21,871 [main] INFO  com.guan.download.Downloader - sum (byte):4352000
2019-09-12 20:33:21,949 [main] INFO  com.guan.download.Downloader - sum (byte):4362240
2019-09-12 20:33:21,949 [main] INFO  com.guan.download.Downloader - sum (byte):4372480
2019-09-12 20:33:21,949 [main] INFO  com.guan.download.Downloader - sum (byte):4382720
2019-09-12 20:33:21,949 [main] INFO  com.guan.download.Downloader - sum (byte):4392960
2019-09-12 20:33:21,949 [main] INFO  com.guan.download.Downloader - sum (byte):4403200
2019-09-12 20:33:21,949 [main] INFO  com.guan.download.Downloader - sum (byte):4413440
2019-09-12 20:33:21,949 [main] INFO  com.guan.download.Downloader - sum (byte):4423680
2019-09-12 20:33:22,027 [main] INFO  com.guan.download.Downloader - sum (byte):4433920
2019-09-12 20:33:22,027 [main] INFO  com.guan.download.Downloader - sum (byte):4444160
2019-09-12 20:33:22,027 [main] INFO  com.guan.download.Downloader - sum (byte):4454400
2019-09-12 20:33:22,027 [main] INFO  com.guan.download.Downloader - sum (byte):4464640
2019-09-12 20:33:22,027 [main] INFO  com.guan.download.Downloader - sum (byte):4474880
2019-09-12 20:33:22,027 [main] INFO  com.guan.download.Downloader - sum (byte):4485120
2019-09-12 20:33:22,105 [main] INFO  com.guan.download.Downloader - sum (byte):4495360
2019-09-12 20:33:22,105 [main] INFO  com.guan.download.Downloader - sum (byte):4505600
2019-09-12 20:33:22,105 [main] INFO  com.guan.download.Downloader - sum (byte):4515840
2019-09-12 20:33:22,105 [main] INFO  com.guan.download.Downloader - sum (byte):4526080
2019-09-12 20:33:22,105 [main] INFO  com.guan.download.Downloader - sum (byte):4536320
2019-09-12 20:33:22,105 [main] INFO  com.guan.download.Downloader - sum (byte):4546560
2019-09-12 20:33:22,183 [main] INFO  com.guan.download.Downloader - sum (byte):4556800
2019-09-12 20:33:22,183 [main] INFO  com.guan.download.Downloader - sum (byte):4567040
2019-09-12 20:33:22,183 [main] INFO  com.guan.download.Downloader - sum (byte):4577280
2019-09-12 20:33:22,183 [main] INFO  com.guan.download.Downloader - sum (byte):4587520
2019-09-12 20:33:22,183 [main] INFO  com.guan.download.Downloader - sum (byte):4597760
2019-09-12 20:33:22,183 [main] INFO  com.guan.download.Downloader - sum (byte):4608000
2019-09-12 20:33:22,183 [main] INFO  com.guan.download.Downloader - sum (byte):4618240
2019-09-12 20:33:22,277 [main] INFO  com.guan.download.Downloader - sum (byte):4628480
2019-09-12 20:33:22,277 [main] INFO  com.guan.download.Downloader - sum (byte):4638720
2019-09-12 20:33:22,277 [main] INFO  com.guan.download.Downloader - sum (byte):4648960
2019-09-12 20:33:22,277 [main] INFO  com.guan.download.Downloader - sum (byte):4659200
2019-09-12 20:33:22,277 [main] INFO  com.guan.download.Downloader - sum (byte):4669440
2019-09-12 20:33:22,277 [main] INFO  com.guan.download.Downloader - sum (byte):4679680
2019-09-12 20:33:22,402 [main] INFO  com.guan.download.Downloader - sum (byte):4689920
2019-09-12 20:33:22,402 [main] INFO  com.guan.download.Downloader - sum (byte):4700160
2019-09-12 20:33:22,402 [main] INFO  com.guan.download.Downloader - sum (byte):4710400
2019-09-12 20:33:22,402 [main] INFO  com.guan.download.Downloader - sum (byte):4720640
2019-09-12 20:33:22,402 [main] INFO  com.guan.download.Downloader - sum (byte):4730880
2019-09-12 20:33:22,402 [main] INFO  com.guan.download.Downloader - sum (byte):4741120
2019-09-12 20:33:22,402 [main] INFO  com.guan.download.Downloader - sum (byte):4751360
2019-09-12 20:33:30,481 [main] INFO  com.guan.download.Downloader - sum (byte):4761600
2019-09-12 20:33:30,481 [main] INFO  com.guan.download.Downloader - sum (byte):4771840
2019-09-12 20:33:30,481 [main] INFO  com.guan.download.Downloader - sum (byte):4782080
2019-09-12 20:33:30,481 [main] INFO  com.guan.download.Downloader - sum (byte):4792320
2019-09-12 20:33:30,481 [main] INFO  com.guan.download.Downloader - sum (byte):4802560
2019-09-12 20:33:30,481 [main] INFO  com.guan.download.Downloader - sum (byte):4812800
2019-09-12 20:34:35,777 [main] INFO  com.guan.download.Downloader - sum (byte):4823040
2019-09-12 20:34:35,777 [main] INFO  com.guan.download.Downloader - sum (byte):4833280
2019-09-12 20:34:35,777 [main] INFO  com.guan.download.Downloader - sum (byte):4843520
2019-09-12 20:34:35,777 [main] INFO  com.guan.download.Downloader - sum (byte):4853760
2019-09-12 20:34:35,777 [main] INFO  com.guan.download.Downloader - sum (byte):4864000
2019-09-12 20:34:35,777 [main] INFO  com.guan.download.Downloader - sum (byte):4874240
2019-09-12 20:35:23,119 [main] INFO  com.guan.download.Downloader - sum (byte):4884480
2019-09-12 20:35:23,119 [main] INFO  com.guan.download.Downloader - sum (byte):4894720
2019-09-12 20:35:23,119 [main] INFO  com.guan.download.Downloader - sum (byte):4904960
2019-09-12 20:35:23,119 [main] INFO  com.guan.download.Downloader - sum (byte):4915200
2019-09-12 20:35:23,119 [main] INFO  com.guan.download.Downloader - sum (byte):4925440
2019-09-12 20:35:23,119 [main] INFO  com.guan.download.Downloader - sum (byte):4935680
2019-09-12 20:35:23,119 [main] INFO  com.guan.download.Downloader - sum (byte):4945920
2019-09-12 20:35:47,907 [main] INFO  com.guan.download.Downloader - sum (byte):4956160
2019-09-12 20:35:47,907 [main] INFO  com.guan.download.Downloader - sum (byte):4966400
2019-09-12 20:35:47,907 [main] INFO  com.guan.download.Downloader - sum (byte):4976640
2019-09-12 20:35:47,907 [main] INFO  com.guan.download.Downloader - sum (byte):4986880
2019-09-12 20:35:47,907 [main] INFO  com.guan.download.Downloader - sum (byte):4997120
2019-09-12 20:35:47,907 [main] INFO  com.guan.download.Downloader - sum (byte):5007360
2019-09-12 20:36:34,524 [main] INFO  com.guan.download.Downloader - sum (byte):5017600
2019-09-12 20:36:34,540 [main] INFO  com.guan.download.Downloader - sum (byte):5027840
2019-09-12 20:36:34,540 [main] INFO  com.guan.download.Downloader - sum (byte):5038080
2019-09-12 20:36:34,540 [main] INFO  com.guan.download.Downloader - sum (byte):5048320
2019-09-12 20:36:34,540 [main] INFO  com.guan.download.Downloader - sum (byte):5058560
2019-09-12 20:36:34,540 [main] INFO  com.guan.download.Downloader - sum (byte):5068800
2019-09-12 20:36:34,540 [main] INFO  com.guan.download.Downloader - sum (byte):5079040
2019-09-12 20:37:18,251 [main] INFO  com.guan.download.Downloader - sum (byte):5089280
2019-09-12 20:37:18,251 [main] INFO  com.guan.download.Downloader - sum (byte):5099520
2019-09-12 20:37:18,251 [main] INFO  com.guan.download.Downloader - sum (byte):5109760
2019-09-12 20:37:18,251 [main] INFO  com.guan.download.Downloader - sum (byte):5120000
2019-09-12 20:37:18,251 [main] INFO  com.guan.download.Downloader - sum (byte):5130240
2019-09-12 20:37:18,251 [main] INFO  com.guan.download.Downloader - sum (byte):5140480
